<?xml version="1.0" encoding="UTF-8"?>
<!-- Generated by org.testng.reporters.JUnitXMLReporter -->
<testsuite hostname="Yusufs-MBP.home" ignored="3" name="Test" tests="2" failures="1" timestamp="2020-01-16T20:31:20 CST" time="7.87" errors="0">
  <testcase name="logoValidation" time="0.084" classname="com.class4.LoginAndTitle"/>
  <testcase name="titleValidation" time="0.009" classname="com.class4.LoginAndTitle">
    <failure type="java.lang.AssertionError" message="Titles are NOT matched expected [Human Management Systems] but found [Human Management System]">
      <![CDATA[java.lang.AssertionError: Titles are NOT matched expected [Human Management Systems] but found [Human Management System]
at com.class4.LoginAndTitle.titleValidation(LoginAndTitle.java:28)
at java.util.ArrayList.forEach(ArrayList.java:1257)
... Removed 31 stack frames]]>
    </failure>
  </testcase> <!-- titleValidation -->
  <testcase name="test1" time="0.0" classname="com.class4.ListenersDemo">
    <ignored/>
  </testcase> <!-- test1 -->
  <testcase name="test2" time="0.0" classname="com.class4.ListenersDemo">
    <ignored/>
  </testcase> <!-- test2 -->
  <testcase name="test3" time="0.0" classname="com.class4.ListenersDemo">
    <ignored/>
  </testcase> <!-- test3 -->
</testsuite> <!-- Test -->
